\BOOKMARK [1][-]{section*.1}{Contents}{}% 1
\BOOKMARK [1][-]{section.1}{Package datk}{}% 2
\BOOKMARK [2][-]{subsection.1.1}{Modules}{section.1}% 3
\BOOKMARK [2][-]{subsection.1.2}{Variables}{section.1}% 4
\BOOKMARK [1][-]{section.2}{Package datk.core}{}% 5
\BOOKMARK [2][-]{subsection.2.1}{Modules}{section.2}% 6
\BOOKMARK [2][-]{subsection.2.2}{Variables}{section.2}% 7
\BOOKMARK [1][-]{section.3}{Module datk.core.algs}{}% 8
\BOOKMARK [2][-]{subsection.3.1}{Variables}{section.3}% 9
\BOOKMARK [2][-]{subsection.3.2}{Class LCR}{section.3}% 10
\BOOKMARK [3][-]{subsubsection.3.2.1}{Methods}{subsection.3.2}% 11
\BOOKMARK [2][-]{subsection.3.3}{Class AsyncLCR}{section.3}% 12
\BOOKMARK [3][-]{subsubsection.3.3.1}{Methods}{subsection.3.3}% 13
\BOOKMARK [2][-]{subsection.3.4}{Class FloodMax}{section.3}% 14
\BOOKMARK [3][-]{subsubsection.3.4.1}{Methods}{subsection.3.4}% 15
\BOOKMARK [2][-]{subsection.3.5}{Class SynchBFS}{section.3}% 16
\BOOKMARK [3][-]{subsubsection.3.5.1}{Methods}{subsection.3.5}% 17
\BOOKMARK [2][-]{subsection.3.6}{Class SynchBFSAck}{section.3}% 18
\BOOKMARK [3][-]{subsubsection.3.6.1}{Methods}{subsection.3.6}% 19
\BOOKMARK [2][-]{subsection.3.7}{Class SynchConvergecast}{section.3}% 20
\BOOKMARK [3][-]{subsubsection.3.7.1}{Methods}{subsection.3.7}% 21
\BOOKMARK [2][-]{subsection.3.8}{Class AsynchConvergecast}{section.3}% 22
\BOOKMARK [3][-]{subsubsection.3.8.1}{Methods}{subsection.3.8}% 23
\BOOKMARK [2][-]{subsection.3.9}{Class SynchConvergeHeight}{section.3}% 24
\BOOKMARK [3][-]{subsubsection.3.9.1}{Methods}{subsection.3.9}% 25
\BOOKMARK [2][-]{subsection.3.10}{Class AsynchConvergeHeight}{section.3}% 26
\BOOKMARK [3][-]{subsubsection.3.10.1}{Methods}{subsection.3.10}% 27
\BOOKMARK [2][-]{subsection.3.11}{Class SynchBroadcast}{section.3}% 28
\BOOKMARK [3][-]{subsubsection.3.11.1}{Methods}{subsection.3.11}% 29
\BOOKMARK [2][-]{subsection.3.12}{Class SynchLubyMIS}{section.3}% 30
\BOOKMARK [3][-]{subsubsection.3.12.1}{Methods}{subsection.3.12}% 31
\BOOKMARK [1][-]{section.4}{Module datk.core.distalgs}{}% 32
\BOOKMARK [2][-]{subsection.4.1}{Variables}{section.4}% 33
\BOOKMARK [2][-]{subsection.4.2}{Class Message}{section.4}% 34
\BOOKMARK [3][-]{subsubsection.4.2.1}{Methods}{subsection.4.2}% 35
\BOOKMARK [2][-]{subsection.4.3}{Class Process}{section.4}% 36
\BOOKMARK [3][-]{subsubsection.4.3.1}{Methods}{subsection.4.3}% 37
\BOOKMARK [2][-]{subsection.4.4}{Class Network}{section.4}% 38
\BOOKMARK [3][-]{subsubsection.4.4.1}{Methods}{subsection.4.4}% 39
\BOOKMARK [2][-]{subsection.4.5}{Class Algorithm}{section.4}% 40
\BOOKMARK [3][-]{subsubsection.4.5.1}{Methods}{subsection.4.5}% 41
\BOOKMARK [2][-]{subsection.4.6}{Class Synchronous\137Algorithm}{section.4}% 42
\BOOKMARK [3][-]{subsubsection.4.6.1}{Methods}{subsection.4.6}% 43
\BOOKMARK [2][-]{subsection.4.7}{Class Do\137Nothing}{section.4}% 44
\BOOKMARK [3][-]{subsubsection.4.7.1}{Methods}{subsection.4.7}% 45
\BOOKMARK [2][-]{subsection.4.8}{Class Asynchronous\137Algorithm}{section.4}% 46
\BOOKMARK [3][-]{subsubsection.4.8.1}{Methods}{subsection.4.8}% 47
\BOOKMARK [2][-]{subsection.4.9}{Class Compose}{section.4}% 48
\BOOKMARK [3][-]{subsubsection.4.9.1}{Methods}{subsection.4.9}% 49
\BOOKMARK [2][-]{subsection.4.10}{Class Chain}{section.4}% 50
\BOOKMARK [3][-]{subsubsection.4.10.1}{Methods}{subsection.4.10}% 51
\BOOKMARK [1][-]{section.5}{Module datk.core.imports}{}% 52
\BOOKMARK [2][-]{subsection.5.1}{Variables}{section.5}% 53
\BOOKMARK [1][-]{section.6}{Module datk.core.networks}{}% 54
\BOOKMARK [2][-]{subsection.6.1}{Variables}{section.6}% 55
\BOOKMARK [2][-]{subsection.6.2}{Class Unidirectional\137Ring}{section.6}% 56
\BOOKMARK [3][-]{subsubsection.6.2.1}{Methods}{subsection.6.2}% 57
\BOOKMARK [2][-]{subsection.6.3}{Class Bidirectional\137Ring}{section.6}% 58
\BOOKMARK [3][-]{subsubsection.6.3.1}{Methods}{subsection.6.3}% 59
\BOOKMARK [2][-]{subsection.6.4}{Class Unidirectional\137Line}{section.6}% 60
\BOOKMARK [3][-]{subsubsection.6.4.1}{Methods}{subsection.6.4}% 61
\BOOKMARK [2][-]{subsection.6.5}{Class Bidirectional\137Line}{section.6}% 62
\BOOKMARK [3][-]{subsubsection.6.5.1}{Methods}{subsection.6.5}% 63
\BOOKMARK [2][-]{subsection.6.6}{Class Complete\137Graph}{section.6}% 64
\BOOKMARK [3][-]{subsubsection.6.6.1}{Methods}{subsection.6.6}% 65
\BOOKMARK [2][-]{subsection.6.7}{Class Random\137Line\137Network}{section.6}% 66
\BOOKMARK [3][-]{subsubsection.6.7.1}{Methods}{subsection.6.7}% 67
\BOOKMARK [1][-]{section.7}{Module datk.core.tester}{}% 68
\BOOKMARK [2][-]{subsection.7.1}{Functions}{section.7}% 69
\BOOKMARK [2][-]{subsection.7.2}{Variables}{section.7}% 70
\BOOKMARK [1][-]{section.8}{Package datk.tests}{}% 71
\BOOKMARK [2][-]{subsection.8.1}{Modules}{section.8}% 72
\BOOKMARK [2][-]{subsection.8.2}{Variables}{section.8}% 73
\BOOKMARK [1][-]{section.9}{Module datk.tests.helpers}{}% 74
\BOOKMARK [2][-]{subsection.9.1}{Functions}{section.9}% 75
\BOOKMARK [2][-]{subsection.9.2}{Variables}{section.9}% 76
\BOOKMARK [1][-]{section.10}{Module datk.tests.networks\137tests}{}% 77
\BOOKMARK [2][-]{subsection.10.1}{Variables}{section.10}% 78
\BOOKMARK [1][-]{section.11}{Module datk.tests.tests}{}% 79
\BOOKMARK [2][-]{subsection.11.1}{Functions}{section.11}% 80
\BOOKMARK [2][-]{subsection.11.2}{Variables}{section.11}% 81
\BOOKMARK [1][-]{section*.2}{Index}{}% 82
